make all --print-data-base --no-builtin-variables --no-builtin-rules --question
# GNU Make 3.81
# Copyright (C) 2006  Free Software Foundation, Inc.
# This is free software; see the source for copying conditions.
# There is NO warranty; not even for MERCHANTABILITY or FITNESS FOR A
# PARTICULAR PURPOSE.

# This program built for i386-apple-darwin11.3.0
 

# Make data base, printed on Fri Aug  6 20:11:37 2021

# Variables

# automatic
<D = $(patsubst %/,%,$(dir $<))
# automatic
?F = $(notdir $?)
# environment
VSCODE_LOG_NATIVE = false
# automatic
?D = $(patsubst %/,%,$(dir $?))
# environment
CPPFLAGS = -I/usr/local/opt/llvm/include
# automatic
@D = $(patsubst %/,%,$(dir $@))
# automatic
@F = $(notdir $@)
# makefile
CURDIR := /Users/jespergravgaard/c64/mega65/mega65-weeip
# makefile
SHELL = /bin/sh
# environment
VSCODE_NLS_CONFIG = {"locale":"en-gb","availableLanguages":{},"_languagePackSupport":true}
# environment
_ = /usr/bin/make
# makefile (from `Makefile', line 1)
MAKEFILE_LIST :=  Makefile
# makefile (from `Makefile', line 10)
TESTDIR = $(SRCDIR)/tests
# makefile (from `Makefile', line 7)
B65DIR = bin65
# environment
VSCODE_VERBOSE_LOGGING = true
# makefile (from `Makefile', line 15)
LD65 = ld65 -t none
# environment
VSCODE_IPC_HOOK_EXTHOST = /var/folders/j3/hvhhv4vs6291pncspymzkrfh0000gp/T/vscode-ipc-e54bd93b-cc75-419f-83b8-e2f19438cc84.sock
# environment
VSCODE_CWD = /
# environment
PATH = /Applications/Nestopia.app/Contents/MacOS:/Applications/x16emu_mac-r38:/Applications/xemu/bin:/Applications/65XE Debugger.app/Contents/MacOS:/Applications/C64 Debugger.app/Contents/MacOS:/Applications/vice-gtk3-3.4-r37694/bin:/usr/local/opt/openjdk/bin:/usr/local/opt/llvm/bin:/usr/local/bin:/usr/local/sbin:/usr/bin:/bin:/usr/sbin:/sbin:/Applications/x16emu_mac-r38:/Library/TeX/texbin:/opt/X11/bin:/Library/Apple/usr/bin
# makefile (from `Makefile', line 11)
LIBEXECDIR = libexec
# makefile (from `Makefile', line 8)
EXAMPLEDIR = $(SRCDIR)/examples
# environment
LaunchInstanceID = E9A51D70-C685-4474-A913-7EF5B6107568
# environment
VSCODE_LOG_STACK = false
# environment
ELECTRON_RUN_AS_NODE = 1
# environment
LDFLAGS = -L/usr/local/opt/llvm/lib
# default
 
.FEATURES := target-specific order-only second-expansion else-if archives jobserver check-symlink
# environment
HOMEBREW_GITHUB_API_TOKEN = a294280aa77b9de90e8e7717be436d6f14786439
# environment
SSH_AUTH_SOCK = /private/tmp/com.apple.launchd.JssoqmNAnF/Listeners
# makefile (from `Makefile', line 5)
SRCDIR = src
# automatic
%F = $(notdir $%)
# environment
DISPLAY = /private/tmp/com.apple.launchd.qiyioCCJ9C/org.macosforge.xquartz:0
# environment
VSCODE_PIPE_LOGGING = true
# environment
PWD = /Users/jespergravgaard/c64/mega65/mega65-weeip
# makefile (from `Makefile', line 13)
CC65 = cc65
# environment
ORIGINAL_XDG_CURRENT_DESKTOP = undefined
# environment
VSCODE_AMD_ENTRYPOINT = vs/workbench/services/extensions/node/extensionHostProcess
# environment
HOME = /Users/jespergravgaard
# makefile (from `Makefile', line 16)
CL65 = cl65 --config src/tests/vicii.cfg
# default
MAKEFILEPATH := /Applications/Xcode.app/Contents/Developer/Makefiles
# environment
VSCODE_CODE_CACHE_PATH = /Users/jespergravgaard/Library/Application Support/Code/CachedData/c3f126316369cd610563c75b1b1725e0679adfb3
# environment
LOGNAME = jespergravgaard
# environment
APPLICATION_INSIGHTS_NO_DIAGNOSTIC_CHANNEL = true
# environment
VSCODE_HANDLES_UNCAUGHT_ERRORS = true
# automatic
^D = $(patsubst %/,%,$(dir $^))
# environment
XPC_FLAGS = 0x0
# default
MAKE = $(MAKE_COMMAND)
# default
MAKECMDGOALS := all
# environment
SHLVL = 2
# makefile (from `Makefile', line 6)
BINDIR = bin
# environment
JAVA_HOME = /Library/Java/JavaVirtualMachines/amazon-corretto-11.jdk/Contents/Home
# default
MAKE_VERSION := 3.81
# environment
USER = jespergravgaard
# makefile (from `Makefile', line 18)
KICKC = ../../kickc_local/bin/kickc.sh
# makefile
.DEFAULT_GOAL := all
# automatic
%D = $(patsubst %/,%,$(dir $%))
# default
MAKE_COMMAND := /Applications/Xcode.app/Contents/Developer/usr/bin/make
# default
.VARIABLES := 
# environment
TMPDIR = /var/folders/j3/hvhhv4vs6291pncspymzkrfh0000gp/T/
# automatic
*F = $(notdir $*)
# makefile (from `Makefile', line 4)
ASSETS = assets
# environment
VSCODE_IPC_HOOK = /Users/jespergravgaard/Library/Application Support/Code/1.58.2-main.sock
# environment
PYTHONPATH = /Users/jespergravgaard/caffe/python:
# makefile
MAKEFLAGS = Rrqp
# environment
MFLAGS = -Rrqp
# automatic
*D = $(patsubst %/,%,$(dir $*))
# environment
XPC_SERVICE_NAME = com.apple.xpc.launchd.oneshot.0x10000005.Electron
# automatic
+D = $(patsubst %/,%,$(dir $+))
# automatic
+F = $(notdir $+)
# environment
__CF_USER_TEXT_ENCODING = 0x1F6:0x0:0x0
# environment
COMMAND_MODE = unix2003
# default
MAKEFILES := 
# environment
VSCODE_BROWSER_CODE_LOADING = bypassHeatCheck
# automatic
<F = $(notdir $<)
# environment
LC_ALL = C
# makefile (from `Makefile', line 9)
UTILDIR = $(SRCDIR)/utilities
# environment
SECURITYSESSIONID = 186a6
# automatic
^F = $(notdir $^)
# default
SUFFIXES := 
# makefile (from `Makefile', line 20)
TCPSRCS = src/arp.c src/checksum.c src/eth.c src/nwk.c src/socket.c src/task.c src/dns.c src/dhcp.c
# default
.INCLUDE_DIRS = /usr/local/include
# makefile (from `Makefile', line 14)
CA65 = ca65 --cpu 4510
# environment
MAKELEVEL := 0
# environment
LANG = C
# environment
VSCODE_PID = 484
# variable set hash-table stats:
 
# Load=84/1024=8%, Rehash=0, Collisions=5/118=4%

# Pattern-specific Variable Values

# No pattern-specific variable values.

# Directories

# . (device 16777225, inode 12961347418): 16 files, no impossibilities.

# 16 files, no impossibilities in 1 directories.

# Implicit Rules

%.bin:

%.prg:

# 2 implicit rules, 0 (0.0%) terminal.

# Files

# Not a target:
bin/%.M65:
#  Precious file (prerequisite of .PRECIOUS).
#  Implicit rule search has not been done.
#  Modification time never checked.
#  File has not been updated.

# Not a target:
%.twx:
#  Precious file (prerequisite of .PRECIOUS).
#  Implicit rule search has not been done.
#  Modification time never checked.
#  File has not been updated.

fetchkc.prg: src/arp.c src/checksum.c src/eth.c src/nwk.c src/socket.c src/task.c src/dns.c src/dhcp.c src/fetch.c
#  Implicit rule search has not been done.
#  Modification time never checked.
#  File has not been updated.
#  commands to execute (from `Makefile', line 34):
	git submodule init
	git submodule update
	$(KICKC) -Wfragment -v -t mega65_c64 -a -I $(SRCDIR)/mega65-libc/kickc/include -I include -L src -L $(SRCDIR)/mega65-libc/kickc/src src/fetch.c src/socket.c src/nwk.c
	

all: fetch.prg haustierbegriff.prg
#  Command-line target.
#  Implicit rule search has been done.
#  File does not exist.
#  File has been updated.
#  Needs to be updated (-q is set).
# variable set hash-table stats:
# Load=0/32=0%, Rehash=0, Collisions=0/7=0%

# Not a target:
src/fetch.c:
#  Implicit rule search has been done.
#  Last modified 2021-08-06 20:08:21
#  File has been updated.
#  Successfully updated.
# variable set hash-table stats:
# Load=0/32=0%, Rehash=0, Collisions=0/0=0%

.PRECIOUS: %.ngd %.ncd %.twx vivado/%.xpr bin/%.bit bin/%.mcs bin/%.M65 bin/%.BIN
#  Implicit rule search has not been done.
#  Modification time never checked.
#  File has not been updated.

# Not a target:
bin/%.mcs:
#  Precious file (prerequisite of .PRECIOUS).
#  Implicit rule search has not been done.
#  Modification time never checked.
#  File has not been updated.

fetch.prg: src/arp.c src/checksum.c src/eth.c src/nwk.c src/socket.c src/task.c src/dns.c src/dhcp.c src/fetch.c
#  Implicit rule search has not been done.
#  Implicit/static pattern stem: `fetch'
#  File does not exist.
#  File has been updated.
#  Needs to be updated (-q is set).
# automatic
# @ := fetch.prg
# automatic
# % := 
# automatic
# * := fetch
# automatic
# + := src/arp.c src/checksum.c src/eth.c src/nwk.c src/socket.c src/task.c src/dns.c src/dhcp.c src/fetch.c
# automatic
# | := 
# automatic
# < := src/arp.c
# automatic
 
# ^ := src/arp.c src/checksum.c src/eth.c src/nwk.c src/socket.c src/task.c src/dns.c src/dhcp.c src/fetch.c
# automatic
# ? := src/arp.c src/checksum.c src/eth.c src/nwk.c src/socket.c src/task.c src/dns.c src/dhcp.c src/fetch.c
# variable set hash-table stats:
# Load=8/32=25%, Rehash=0, Collisions=2/17=12%
#  commands to execute (from `Makefile', line 28):
	git submodule init
	git submodule update
	$(CL65) -I $(SRCDIR)/mega65-libc/cc65/include -I include -O -o fetch-unpacked.prg --mapfile $*.map $(TCPSRCS) src/fetch.c  $(SRCDIR)/mega65-libc/cc65/src/*.c $(SRCDIR)/mega65-libc/cc65/src/*.s
	exomizer sfx sys -o $*.prg fetch-unpacked.prg
	

.SUFFIXES: .bin .prg
#  Implicit rule search has not been done.
#  Modification time never checked.
#  File has not been updated.

# Not a target:
Makefile:
#  Implicit rule search has been done.
#  Last modified 2021-08-06 20:11:35
#  File has been updated.
#  Successfully updated.
# variable set hash-table stats:
# Load=0/32=0%, Rehash=0, Collisions=0/0=0%

# Not a target:
src/log2pcap.c:
#  Implicit rule search has not been done.
#  Modification time never checked.
#  File has not been updated.

# Not a target:
.bin:
#  Implicit rule search has not been done.
#  Modification time never checked.
#  File has not been updated.

# Not a target:
src/arp.c:
#  Implicit rule search has been done.
#  Last modified 2021-08-06 17:33:31
#  File has been updated.
#  Successfully updated.
# variable set hash-table stats:
# Load=0/32=0%, Rehash=0, Collisions=0/0=0%

# Not a target:
src/checksum.c:
#  Implicit rule search has been done.
#  Last modified 2021-07-22 08:10:00
#  File has been updated.
#  Successfully updated.
# variable set hash-table stats:
# Load=0/32=0%, Rehash=0, Collisions=0/0=0%

# Not a target:
src/dns.c:
#  Implicit rule search has been done.
#  Last modified 2021-08-06 18:15:28
#  File has been updated.
#  Successfully updated.
# variable set hash-table stats:
# Load=0/32=0%, Rehash=0, Collisions=0/0=0%

# Not a target:
bin/%.bit:
#  Precious file (prerequisite of .PRECIOUS).
#  Implicit rule search has not been done.
#  Modification time never checked.
 
#  File has not been updated.

# Not a target:
src/dhcp.c:
#  Implicit rule search has been done.
#  Last modified 2021-08-06 18:18:35
#  File has been updated.
#  Successfully updated.
# variable set hash-table stats:
# Load=0/32=0%, Rehash=0, Collisions=0/0=0%

# Not a target:
%.ngd:
#  Precious file (prerequisite of .PRECIOUS).
#  Implicit rule search has not been done.
#  Modification time never checked.
#  File has not been updated.

# Not a target:
%.ncd:
#  Precious file (prerequisite of .PRECIOUS).
#  Implicit rule search has not been done.
#  Modification time never checked.
#  File has not been updated.

# Not a target:
src/task.c:
#  Implicit rule search has been done.
#  Last modified 2021-08-06 09:24:44
#  File has been updated.
#  Successfully updated.
# variable set hash-table stats:
# Load=0/32=0%, Rehash=0, Collisions=0/0=0%

# Not a target:
src/nwk.c:
#  Implicit rule search has been done.
#  Last modified 2021-08-06 20:02:44
#  File has been updated.
#  Successfully updated.
# variable set hash-table stats:
# Load=0/32=0%, Rehash=0, Collisions=0/0=0%

# Not a target:
.DEFAULT:
#  Implicit rule search has not been done.
#  Modification time never checked.
#  File has not been updated.

log2pcap: src/log2pcap.c
#  Implicit rule search has not been done.
#  Modification time never checked.
#  File has not been updated.
#  commands to execute (from `Makefile', line 25):
	gcc -g -Wall -o log2pcap src/log2pcap.c
	

# Not a target:
src/haustierbegriff.c:
#  Implicit rule search has not been done.
#  Modification time never checked.
#  File has not been updated.

# Not a target:
bin/%.BIN:
#  Precious file (prerequisite of .PRECIOUS).
#  Implicit rule search has not been done.
#  Modification time never checked.
#  File has not been updated.

# Not a target:
.prg:
#  Implicit rule search has not been done.
#  Modification time never checked.
#  File has not been updated.

# Not a target:
src/eth.c:
#  Implicit rule search has been done.
#  Last modified 2021-08-06 17:57:45
#  File has been updated.
#  Successfully updated.
# variable set hash-table stats:
# Load=0/32=0%, Rehash=0, Collisions=0/0=0%

haustierbegriff.prg: src/arp.c src/checksum.c src/eth.c src/nwk.c src/socket.c src/task.c src/dns.c src/dhcp.c src/haustierbegriff.c
#  Implicit rule search has not been done.
#  Modification time never checked.
#  File has not been updated.
#  commands to execute (from `Makefile', line 39):
	git submodule init
	git submodule update
	$(CL65) -I $(SRCDIR)/mega65-libc/cc65/include -I include -O -o petterm-unpacked.prg --mapfile $*.map $(TCPSRCS) src/haustierbegriff.c  $(SRCDIR)/mega65-libc/cc65/src/*.c $(SRCDIR)/mega65-libc/cc65/src/*.s
	exomizer sfx sys -o $*.prg petterm-unpacked.prg
	

# Not a target:
vivado/%.xpr:
#  Precious file (prerequisite of .PRECIOUS).
#  Implicit rule search has not been done.
#  Modification time never checked.
#  File has not been updated.

 
# Not a target:
src/socket.c:
#  Implicit rule search has been done.
#  Last modified 2021-08-06 20:01:19
#  File has been updated.
#  Successfully updated.
# variable set hash-table stats:
# Load=0/32=0%, Rehash=0, Collisions=0/0=0%

# files hash-table stats:
# Load=30/1024=3%, Rehash=0, Collisions=0/87=0%
# VPATH Search Paths

# No `vpath' search paths.

# No general (`VPATH' variable) search path.

# # of strings in strcache: 1
# # of strcache buffers: 1
# strcache size: total = 4096 / max = 4096 / min = 4096 / avg = 4096
# strcache free: total = 4087 / max = 4087 / min = 4087 / avg = 4087

# Finished Make data base on Fri Aug  6 20:11:37 2021

 
